c:\users\user\source\repos\sortingalgorithms\sortingalgorithms\x64\debug\sortingalgorithms.pch
c:\users\user\source\repos\sortingalgorithms\sortingalgorithms\x64\debug\vc141.pdb
c:\users\user\source\repos\sortingalgorithms\sortingalgorithms\x64\debug\vc141.idb
c:\users\user\source\repos\sortingalgorithms\sortingalgorithms\x64\debug\stdafx.obj
c:\users\user\source\repos\sortingalgorithms\sortingalgorithms\x64\debug\bubblesort.obj
c:\users\user\source\repos\sortingalgorithms\sortingalgorithms\x64\debug\heapsort.obj
c:\users\user\source\repos\sortingalgorithms\sortingalgorithms\x64\debug\insertion.obj
c:\users\user\source\repos\sortingalgorithms\sortingalgorithms\x64\debug\mergesort.obj
c:\users\user\source\repos\sortingalgorithms\sortingalgorithms\x64\debug\quicksort.obj
c:\users\user\source\repos\sortingalgorithms\sortingalgorithms\x64\debug\selectionsort.obj
c:\users\user\source\repos\sortingalgorithms\sortingalgorithms\x64\debug\isortalg.obj
c:\users\user\source\repos\sortingalgorithms\sortingalgorithms\x64\debug\sortingalgorithms.obj
c:\users\user\source\repos\sortingalgorithms\x64\debug\sortingalgorithms.ilk
c:\users\user\source\repos\sortingalgorithms\x64\debug\sortingalgorithms.exe
c:\users\user\source\repos\sortingalgorithms\x64\debug\sortingalgorithms.pdb
c:\users\user\source\repos\sortingalgorithms\sortingalgorithms\x64\debug\sortinga.6e02a5c4.tlog\cl.command.1.tlog
c:\users\user\source\repos\sortingalgorithms\sortingalgorithms\x64\debug\sortinga.6e02a5c4.tlog\cl.read.1.tlog
c:\users\user\source\repos\sortingalgorithms\sortingalgorithms\x64\debug\sortinga.6e02a5c4.tlog\cl.write.1.tlog
c:\users\user\source\repos\sortingalgorithms\sortingalgorithms\x64\debug\sortinga.6e02a5c4.tlog\link.command.1.tlog
c:\users\user\source\repos\sortingalgorithms\sortingalgorithms\x64\debug\sortinga.6e02a5c4.tlog\link.read.1.tlog
c:\users\user\source\repos\sortingalgorithms\sortingalgorithms\x64\debug\sortinga.6e02a5c4.tlog\link.write.1.tlog
